<?xml version="1.0" encoding="UTF-8" ?>
<testsuite tests="6" failures="1" name="TestSuite" time="0.137" errors="0" skipped="0">
  <properties>
[...]
</properties>
  <testcase classname="DemoTest" name="testEqual" time="0.006">
    <failure message="expected [2] but found [1]" type="java.lang.AssertionError">java.lang.AssertionError: expected [2] but found [1]
	at org.testng.Assert.fail(Assert.java:94)
	at org.testng.Assert.failNotEquals(Assert.java:494)
	at org.testng.Assert.assertEquals(Assert.java:123)
	at org.testng.Assert.assertEquals(Assert.java:370)
	at org.testng.Assert.assertEquals(Assert.java:380)
	at DemoTest.testEqual(DemoTest.java:23)
</failure>
    <system-out>Configuring TestNG with: org.apache.maven.surefire.testng.conf.TestNG652Configurator@277c0f21
----beforeClass---
</system-out>
  </testcase>
  <testcase classname="DemoTest" name="testEqual" time="0"/>
  <testcase classname="DemoTest" name="testEqual" time="0"/>
  <testcase classname="DemoTest" name="testEqual" time="0"/>
  <testcase classname="HttpDemo1Test" name="testHttp1" time="0.128"/>
  <testcase classname="HttpDemo1Test" name="testHttp1" time="0.003"/>
</testsuite>